<?xml version="1.0" encoding="UTF-8"?>
<testsuite xmlns:xsi="http://www.w3.org/2001/XMLSchema-instance" xsi:noNamespaceSchemaLocation="https://maven.apache.org/surefire/maven-surefire-plugin/xsd/surefire-test-report-3.0.xsd" version="3.0" name="Calculadora_CientificaTest" time="2.634" tests="8" errors="0" skipped="0" failures="5">
  <properties>
[...]
</properties>
  <testcase name="testCos45Grados" classname="Calculadora_CientificaTest" time="0.569">
    <failure message="cos(60°) debe ser 0.5 ==&gt; expected: &lt;0.5&gt; but was: &lt;0.5000000000000001&gt;" type="org.opentest4j.AssertionFailedError"><![CDATA[org.opentest4j.AssertionFailedError: cos(60°) debe ser 0.5 ==> expected: <0.5> but was: <0.5000000000000001>
	at org.junit.jupiter.api.AssertionFailureBuilder.build(AssertionFailureBuilder.java:151)
	at org.junit.jupiter.api.AssertionFailureBuilder.buildAndThrow(AssertionFailureBuilder.java:132)
	at org.junit.jupiter.api.AssertEquals.failNotEqual(AssertEquals.java:197)
	at org.junit.jupiter.api.AssertEquals.assertEquals(AssertEquals.java:182)
	at org.junit.jupiter.api.Assertions.assertEquals(Assertions.java:1156)
	at Calculadora_CientificaTest.testCos45Grados(Calculadora_CientificaTest.java:98)
	at java.base/java.lang.reflect.Method.invoke(Method.java:568)
	at java.base/java.util.ArrayList.forEach(ArrayList.java:1511)
	at java.base/java.util.ArrayList.forEach(ArrayList.java:1511)
]]></failure>
    <system-out><![CDATA[Using org.netbeans.jemmy.drivers.DefaultDriverInstaller driver installer
Trace:
Start to wait frame "Frame with title "Calculadora_Cientifica"" opened
Trace:
Frame "Frame with title "Calculadora_Cientifica"" has been opened in 579 milliseconds
    Calculadora_Cientifica[frame0,0,0,436x379,layout=java.awt.BorderLayout,title=Calculadora_Cientifica,resizable,normal,defaultCloseOperation=EXIT_ON_CLOSE,rootPane=javax.swing.JRootPane[,7,30,422x342,layout=javax.swing.JRootPane$RootLayout,alignmentX=0.0,alignmentY=0.0,border=javax.swing.plaf.synth.SynthBorder@4065026,flags=16777673,maximumSize=,minimumSize=,preferredSize=],rootPaneCheckingEnabled=true]
Trace:
Start to wait action "Wait AbstractButton with text "C" loaded"
Trace:
"Wait AbstractButton with text "C" loaded" action has been produced in 61 milliseconds with result 
    : javax.swing.JButton[,345,160,47x28,alignmentX=0.0,alignmentY=0.5,border=javax.swing.plaf.synth.SynthBorder@2348bfd6,flags=288,maximumSize=,minimumSize=,preferredSize=,defaultIcon=,disabledIcon=,disabledSelectedIcon=,margin=javax.swing.plaf.InsetsUIResource[top=0,left=0,bottom=0,right=0],paintBorder=true,paintFocus=true,pressedIcon=,rolloverEnabled=true,rolloverIcon=,rolloverSelectedIcon=,selectedIcon=,text=cos,defaultCapable=true]
Push button
    :javax.swing.JButton[,345,160,47x28,alignmentX=0.0,alignmentY=0.5,border=javax.swing.plaf.synth.SynthBorder@2348bfd6,flags=288,maximumSize=,minimumSize=,preferredSize=,defaultIcon=,disabledIcon=,disabledSelectedIcon=,margin=javax.swing.plaf.InsetsUIResource[top=0,left=0,bottom=0,right=0],paintBorder=true,paintFocus=true,pressedIcon=,rolloverEnabled=true,rolloverIcon=,rolloverSelectedIcon=,selectedIcon=,text=cos,defaultCapable=true]
Trace:
Start to wait action "Wait Any javax.swing.JTextField loaded"
Trace:
"Wait Any javax.swing.JTextField loaded" action has been produced in 91 milliseconds with result 
    : javax.swing.JTextField[,206,64,64x28,layout=javax.swing.plaf.basic.BasicTextUI$UpdateHandler,alignmentX=0.0,alignmentY=0.0,border=javax.swing.plaf.synth.SynthBorder@750c8545,flags=288,maximumSize=,minimumSize=,preferredSize=,caretColor=,disabledTextColor=DerivedColor(color=142,143,145 parent=nimbusDisabledText offsets=0.0,0.0,0.0,0 pColor=142,143,145,editable=true,margin=javax.swing.plaf.InsetsUIResource[top=0,left=0,bottom=0,right=0],selectedTextColor=DerivedColor(color=255,255,255 parent=nimbusSelectedText offsets=0.0,0.0,0.0,0 pColor=255,255,255,selectionColor=DerivedColor(color=57,105,138 parent=nimbusSelectionBackground offsets=0.0,0.0,0.0,0 pColor=57,105,138,columns=0,columnWidth=0,command=,horizontalAlignment=LEADING]
Trace:
Start to wait action "Wait AbstractButton with text "Grados" loaded"
Trace:
"Wait AbstractButton with text "Grados" loaded" action has been produced in 2 milliseconds with result 
    : javax.swing.JButton[,289,284,66x28,alignmentX=0.0,alignmentY=0.5,border=javax.swing.plaf.synth.SynthBorder@50d8079a,flags=288,maximumSize=,minimumSize=,preferredSize=,defaultIcon=,disabledIcon=,disabledSelectedIcon=,margin=javax.swing.plaf.InsetsUIResource[top=0,left=0,bottom=0,right=0],paintBorder=true,paintFocus=true,pressedIcon=,rolloverEnabled=true,rolloverIcon=,rolloverSelectedIcon=,selectedIcon=,text=Grados,defaultCapable=true]
Push button
    :javax.swing.JButton[,289,284,66x28,alignmentX=0.0,alignmentY=0.5,border=javax.swing.plaf.synth.SynthBorder@50d8079a,flags=288,maximumSize=,minimumSize=,preferredSize=,defaultIcon=,disabledIcon=,disabledSelectedIcon=,margin=javax.swing.plaf.InsetsUIResource[top=0,left=0,bottom=0,right=0],paintBorder=true,paintFocus=true,pressedIcon=,rolloverEnabled=true,rolloverIcon=,rolloverSelectedIcon=,selectedIcon=,text=Grados,defaultCapable=true]
Trace:
Start to wait action "Wait AbstractButton with text "cos" loaded"
Trace:
"Wait AbstractButton with text "cos" loaded" action has been produced in 10 milliseconds with result 
    : javax.swing.JButton[,345,160,47x28,alignmentX=0.0,alignmentY=0.5,border=javax.swing.plaf.synth.SynthBorder@2348bfd6,flags=288,maximumSize=,minimumSize=,preferredSize=,defaultIcon=,disabledIcon=,disabledSelectedIcon=,margin=javax.swing.plaf.InsetsUIResource[top=0,left=0,bottom=0,right=0],paintBorder=true,paintFocus=true,pressedIcon=,rolloverEnabled=true,rolloverIcon=,rolloverSelectedIcon=,selectedIcon=,text=cos,defaultCapable=true]
Push button
    :javax.swing.JButton[,345,160,47x28,alignmentX=0.0,alignmentY=0.5,border=javax.swing.plaf.synth.SynthBorder@2348bfd6,flags=288,maximumSize=,minimumSize=,preferredSize=,defaultIcon=,disabledIcon=,disabledSelectedIcon=,margin=javax.swing.plaf.InsetsUIResource[top=0,left=0,bottom=0,right=0],paintBorder=true,paintFocus=true,pressedIcon=,rolloverEnabled=true,rolloverIcon=,rolloverSelectedIcon=,selectedIcon=,text=cos,defaultCapable=true]
]]></system-out>
  </testcase>
  <testcase name="testErrorNumero" classname="Calculadora_CientificaTest" time="0.081">
    <system-out><![CDATA[Trace:
Start to wait action "Wait AbstractButton with text "C" loaded"
Trace:
"Wait AbstractButton with text "C" loaded" action has been produced in 2 milliseconds with result 
    : javax.swing.JButton[,345,160,47x28,alignmentX=0.0,alignmentY=0.5,border=javax.swing.plaf.synth.SynthBorder@2348bfd6,flags=288,maximumSize=,minimumSize=,preferredSize=,defaultIcon=,disabledIcon=,disabledSelectedIcon=,margin=javax.swing.plaf.InsetsUIResource[top=0,left=0,bottom=0,right=0],paintBorder=true,paintFocus=true,pressedIcon=,rolloverEnabled=true,rolloverIcon=,rolloverSelectedIcon=,selectedIcon=,text=cos,defaultCapable=true]
Push button
    :javax.swing.JButton[,345,160,47x28,alignmentX=0.0,alignmentY=0.5,border=javax.swing.plaf.synth.SynthBorder@2348bfd6,flags=288,maximumSize=,minimumSize=,preferredSize=,defaultIcon=,disabledIcon=,disabledSelectedIcon=,margin=javax.swing.plaf.InsetsUIResource[top=0,left=0,bottom=0,right=0],paintBorder=true,paintFocus=true,pressedIcon=,rolloverEnabled=true,rolloverIcon=,rolloverSelectedIcon=,selectedIcon=,text=cos,defaultCapable=true]
Trace:
Start to wait action "Wait Any javax.swing.JTextField loaded"
Trace:
"Wait Any javax.swing.JTextField loaded" action has been produced in 4 milliseconds with result 
    : javax.swing.JTextField[,206,64,64x28,layout=javax.swing.plaf.basic.BasicTextUI$UpdateHandler,alignmentX=0.0,alignmentY=0.0,border=javax.swing.plaf.synth.SynthBorder@750c8545,flags=288,maximumSize=,minimumSize=,preferredSize=,caretColor=,disabledTextColor=DerivedColor(color=142,143,145 parent=nimbusDisabledText offsets=0.0,0.0,0.0,0 pColor=142,143,145,editable=true,margin=javax.swing.plaf.InsetsUIResource[top=0,left=0,bottom=0,right=0],selectedTextColor=DerivedColor(color=255,255,255 parent=nimbusSelectedText offsets=0.0,0.0,0.0,0 pColor=255,255,255,selectionColor=DerivedColor(color=57,105,138 parent=nimbusSelectionBackground offsets=0.0,0.0,0.0,0 pColor=57,105,138,columns=0,columnWidth=0,command=,horizontalAlignment=LEADING]
Trace:
Start to wait action "Wait AbstractButton with text "sen" loaded"
Trace:
"Wait AbstractButton with text "sen" loaded" action has been produced in 11 milliseconds with result 
    : javax.swing.JButton[,345,132,47x28,alignmentX=0.0,alignmentY=0.5,border=javax.swing.plaf.synth.SynthBorder@76e42941,flags=288,maximumSize=,minimumSize=,preferredSize=,defaultIcon=,disabledIcon=,disabledSelectedIcon=,margin=javax.swing.plaf.InsetsUIResource[top=0,left=0,bottom=0,right=0],paintBorder=true,paintFocus=true,pressedIcon=,rolloverEnabled=true,rolloverIcon=,rolloverSelectedIcon=,selectedIcon=,text=sen,defaultCapable=true]
Push button
    :javax.swing.JButton[,345,132,47x28,alignmentX=0.0,alignmentY=0.5,border=javax.swing.plaf.synth.SynthBorder@76e42941,flags=288,maximumSize=,minimumSize=,preferredSize=,defaultIcon=,disabledIcon=,disabledSelectedIcon=,margin=javax.swing.plaf.InsetsUIResource[top=0,left=0,bottom=0,right=0],paintBorder=true,paintFocus=true,pressedIcon=,rolloverEnabled=true,rolloverIcon=,rolloverSelectedIcon=,selectedIcon=,text=sen,defaultCapable=true]
]]></system-out>
  </testcase>
  <testcase name="testSenoRadianes" classname="Calculadora_CientificaTest" time="0.077">
    <system-out><![CDATA[Trace:
Start to wait action "Wait AbstractButton with text "C" loaded"
Trace:
"Wait AbstractButton with text "C" loaded" action has been produced in 1 milliseconds with result 
    : javax.swing.JButton[,345,160,47x28,alignmentX=0.0,alignmentY=0.5,border=javax.swing.plaf.synth.SynthBorder@2348bfd6,flags=288,maximumSize=,minimumSize=,preferredSize=,defaultIcon=,disabledIcon=,disabledSelectedIcon=,margin=javax.swing.plaf.InsetsUIResource[top=0,left=0,bottom=0,right=0],paintBorder=true,paintFocus=true,pressedIcon=,rolloverEnabled=true,rolloverIcon=,rolloverSelectedIcon=,selectedIcon=,text=cos,defaultCapable=true]
Push button
    :javax.swing.JButton[,345,160,47x28,alignmentX=0.0,alignmentY=0.5,border=javax.swing.plaf.synth.SynthBorder@2348bfd6,flags=288,maximumSize=,minimumSize=,preferredSize=,defaultIcon=,disabledIcon=,disabledSelectedIcon=,margin=javax.swing.plaf.InsetsUIResource[top=0,left=0,bottom=0,right=0],paintBorder=true,paintFocus=true,pressedIcon=,rolloverEnabled=true,rolloverIcon=,rolloverSelectedIcon=,selectedIcon=,text=cos,defaultCapable=true]
Trace:
Start to wait action "Wait Any javax.swing.JTextField loaded"
Trace:
"Wait Any javax.swing.JTextField loaded" action has been produced in 13 milliseconds with result 
    : javax.swing.JTextField[,206,64,64x28,layout=javax.swing.plaf.basic.BasicTextUI$UpdateHandler,alignmentX=0.0,alignmentY=0.0,border=javax.swing.plaf.synth.SynthBorder@750c8545,flags=288,maximumSize=,minimumSize=,preferredSize=,caretColor=,disabledTextColor=DerivedColor(color=142,143,145 parent=nimbusDisabledText offsets=0.0,0.0,0.0,0 pColor=142,143,145,editable=true,margin=javax.swing.plaf.InsetsUIResource[top=0,left=0,bottom=0,right=0],selectedTextColor=DerivedColor(color=255,255,255 parent=nimbusSelectedText offsets=0.0,0.0,0.0,0 pColor=255,255,255,selectionColor=DerivedColor(color=57,105,138 parent=nimbusSelectionBackground offsets=0.0,0.0,0.0,0 pColor=57,105,138,columns=0,columnWidth=0,command=,horizontalAlignment=LEADING]
Trace:
Start to wait action "Wait AbstractButton with text "sen" loaded"
Trace:
"Wait AbstractButton with text "sen" loaded" action has been produced in 9 milliseconds with result 
    : javax.swing.JButton[,345,132,47x28,alignmentX=0.0,alignmentY=0.5,border=javax.swing.plaf.synth.SynthBorder@76e42941,flags=288,maximumSize=,minimumSize=,preferredSize=,defaultIcon=,disabledIcon=,disabledSelectedIcon=,margin=javax.swing.plaf.InsetsUIResource[top=0,left=0,bottom=0,right=0],paintBorder=true,paintFocus=true,pressedIcon=,rolloverEnabled=true,rolloverIcon=,rolloverSelectedIcon=,selectedIcon=,text=sen,defaultCapable=true]
Push button
    :javax.swing.JButton[,345,132,47x28,alignmentX=0.0,alignmentY=0.5,border=javax.swing.plaf.synth.SynthBorder@76e42941,flags=288,maximumSize=,minimumSize=,preferredSize=,defaultIcon=,disabledIcon=,disabledSelectedIcon=,margin=javax.swing.plaf.InsetsUIResource[top=0,left=0,bottom=0,right=0],paintBorder=true,paintFocus=true,pressedIcon=,rolloverEnabled=true,rolloverIcon=,rolloverSelectedIcon=,selectedIcon=,text=sen,defaultCapable=true]
]]></system-out>
  </testcase>
  <testcase name="testSuma" classname="Calculadora_CientificaTest" time="0.165">
    <failure message="5+4 debe ser 9 ==&gt; expected: &lt;9.0&gt; but was: &lt;5.05&gt;" type="org.opentest4j.AssertionFailedError"><![CDATA[org.opentest4j.AssertionFailedError: 5+4 debe ser 9 ==> expected: <9.0> but was: <5.05>
	at org.junit.jupiter.api.AssertionFailureBuilder.build(AssertionFailureBuilder.java:151)
	at org.junit.jupiter.api.AssertionFailureBuilder.buildAndThrow(AssertionFailureBuilder.java:132)
	at org.junit.jupiter.api.AssertEquals.failNotEqual(AssertEquals.java:197)
	at org.junit.jupiter.api.AssertEquals.assertEquals(AssertEquals.java:182)
	at org.junit.jupiter.api.Assertions.assertEquals(Assertions.java:1156)
	at Calculadora_CientificaTest.testSuma(Calculadora_CientificaTest.java:45)
	at java.base/java.lang.reflect.Method.invoke(Method.java:568)
	at java.base/java.util.ArrayList.forEach(ArrayList.java:1511)
	at java.base/java.util.ArrayList.forEach(ArrayList.java:1511)
]]></failure>
    <system-out><![CDATA[Trace:
Start to wait action "Wait AbstractButton with text "C" loaded"
Trace:
"Wait AbstractButton with text "C" loaded" action has been produced in 2 milliseconds with result 
    : javax.swing.JButton[,345,160,47x28,alignmentX=0.0,alignmentY=0.5,border=javax.swing.plaf.synth.SynthBorder@2348bfd6,flags=288,maximumSize=,minimumSize=,preferredSize=,defaultIcon=,disabledIcon=,disabledSelectedIcon=,margin=javax.swing.plaf.InsetsUIResource[top=0,left=0,bottom=0,right=0],paintBorder=true,paintFocus=true,pressedIcon=,rolloverEnabled=true,rolloverIcon=,rolloverSelectedIcon=,selectedIcon=,text=cos,defaultCapable=true]
Push button
    :javax.swing.JButton[,345,160,47x28,alignmentX=0.0,alignmentY=0.5,border=javax.swing.plaf.synth.SynthBorder@2348bfd6,flags=288,maximumSize=,minimumSize=,preferredSize=,defaultIcon=,disabledIcon=,disabledSelectedIcon=,margin=javax.swing.plaf.InsetsUIResource[top=0,left=0,bottom=0,right=0],paintBorder=true,paintFocus=true,pressedIcon=,rolloverEnabled=true,rolloverIcon=,rolloverSelectedIcon=,selectedIcon=,text=cos,defaultCapable=true]
Trace:
Start to wait action "Wait Any javax.swing.JTextField loaded"
Trace:
"Wait Any javax.swing.JTextField loaded" action has been produced in 9 milliseconds with result 
    : javax.swing.JTextField[,206,64,64x28,layout=javax.swing.plaf.basic.BasicTextUI$UpdateHandler,alignmentX=0.0,alignmentY=0.0,border=javax.swing.plaf.synth.SynthBorder@750c8545,flags=288,maximumSize=,minimumSize=,preferredSize=,caretColor=,disabledTextColor=DerivedColor(color=142,143,145 parent=nimbusDisabledText offsets=0.0,0.0,0.0,0 pColor=142,143,145,editable=true,margin=javax.swing.plaf.InsetsUIResource[top=0,left=0,bottom=0,right=0],selectedTextColor=DerivedColor(color=255,255,255 parent=nimbusSelectedText offsets=0.0,0.0,0.0,0 pColor=255,255,255,selectionColor=DerivedColor(color=57,105,138 parent=nimbusSelectionBackground offsets=0.0,0.0,0.0,0 pColor=57,105,138,columns=0,columnWidth=0,command=,horizontalAlignment=LEADING]
Trace:
Start to wait action "Wait Any javax.swing.JTextField loaded"
Trace:
"Wait Any javax.swing.JTextField loaded" action has been produced in 1 milliseconds with result 
    : javax.swing.JTextField[,206,98,64x28,layout=javax.swing.plaf.basic.BasicTextUI$UpdateHandler,alignmentX=0.0,alignmentY=0.0,border=javax.swing.plaf.synth.SynthBorder@3619646f,flags=288,maximumSize=,minimumSize=,preferredSize=,caretColor=,disabledTextColor=DerivedColor(color=142,143,145 parent=nimbusDisabledText offsets=0.0,0.0,0.0,0 pColor=142,143,145,editable=true,margin=javax.swing.plaf.InsetsUIResource[top=0,left=0,bottom=0,right=0],selectedTextColor=DerivedColor(color=255,255,255 parent=nimbusSelectedText offsets=0.0,0.0,0.0,0 pColor=255,255,255,selectionColor=DerivedColor(color=57,105,138 parent=nimbusSelectionBackground offsets=0.0,0.0,0.0,0 pColor=57,105,138,columns=0,columnWidth=0,command=,horizontalAlignment=LEADING]
Trace:
Start to wait action "Wait AbstractButton with text "5" loaded"
Trace:
"Wait AbstractButton with text "5" loaded" action has been produced in 1 milliseconds with result 
    : javax.swing.JButton[,240,160,34x28,alignmentX=0.0,alignmentY=0.5,border=javax.swing.plaf.synth.SynthBorder@8410871,flags=288,maximumSize=,minimumSize=,preferredSize=,defaultIcon=,disabledIcon=,disabledSelectedIcon=,margin=javax.swing.plaf.InsetsUIResource[top=0,left=0,bottom=0,right=0],paintBorder=true,paintFocus=true,pressedIcon=,rolloverEnabled=true,rolloverIcon=,rolloverSelectedIcon=,selectedIcon=,text=5,defaultCapable=true]
Push button
    :javax.swing.JButton[,240,160,34x28,alignmentX=0.0,alignmentY=0.5,border=javax.swing.plaf.synth.SynthBorder@8410871,flags=288,maximumSize=,minimumSize=,preferredSize=,defaultIcon=,disabledIcon=,disabledSelectedIcon=,margin=javax.swing.plaf.InsetsUIResource[top=0,left=0,bottom=0,right=0],paintBorder=true,paintFocus=true,pressedIcon=,rolloverEnabled=true,rolloverIcon=,rolloverSelectedIcon=,selectedIcon=,text=5,defaultCapable=true]
Trace:
Start to wait action "Wait AbstractButton with text "+" loaded"
Trace:
"Wait AbstractButton with text "+" loaded" action has been produced in 12 milliseconds with result 
    : javax.swing.JButton[,310,132,35x28,alignmentX=0.0,alignmentY=0.5,border=javax.swing.plaf.synth.SynthBorder@277300b5,flags=288,maximumSize=,minimumSize=,preferredSize=,defaultIcon=,disabledIcon=,disabledSelectedIcon=,margin=javax.swing.plaf.InsetsUIResource[top=0,left=0,bottom=0,right=0],paintBorder=true,paintFocus=true,pressedIcon=,rolloverEnabled=true,rolloverIcon=,rolloverSelectedIcon=,selectedIcon=,text=+,defaultCapable=true]
Push button
    :javax.swing.JButton[,310,132,35x28,alignmentX=0.0,alignmentY=0.5,border=javax.swing.plaf.synth.SynthBorder@277300b5,flags=288,maximumSize=,minimumSize=,preferredSize=,defaultIcon=,disabledIcon=,disabledSelectedIcon=,margin=javax.swing.plaf.InsetsUIResource[top=0,left=0,bottom=0,right=0],paintBorder=true,paintFocus=true,pressedIcon=,rolloverEnabled=true,rolloverIcon=,rolloverSelectedIcon=,selectedIcon=,text=+,defaultCapable=true]
Trace:
Start to wait action "Wait AbstractButton with text "4" loaded"
Trace:
"Wait AbstractButton with text "4" loaded" action has been produced in 10 milliseconds with result 
    : javax.swing.JButton[,206,160,34x28,alignmentX=0.0,alignmentY=0.5,border=javax.swing.plaf.synth.SynthBorder@6fbe800f,flags=288,maximumSize=,minimumSize=,preferredSize=,defaultIcon=,disabledIcon=,disabledSelectedIcon=,margin=javax.swing.plaf.InsetsUIResource[top=0,left=0,bottom=0,right=0],paintBorder=true,paintFocus=true,pressedIcon=,rolloverEnabled=true,rolloverIcon=,rolloverSelectedIcon=,selectedIcon=,text=4,defaultCapable=true]
Push button
    :javax.swing.JButton[,206,160,34x28,alignmentX=0.0,alignmentY=0.5,border=javax.swing.plaf.synth.SynthBorder@6fbe800f,flags=288,maximumSize=,minimumSize=,preferredSize=,defaultIcon=,disabledIcon=,disabledSelectedIcon=,margin=javax.swing.plaf.InsetsUIResource[top=0,left=0,bottom=0,right=0],paintBorder=true,paintFocus=true,pressedIcon=,rolloverEnabled=true,rolloverIcon=,rolloverSelectedIcon=,selectedIcon=,text=4,defaultCapable=true]
Trace:
Start to wait action "Wait AbstractButton with text "=" loaded"
Trace:
"Wait AbstractButton with text "=" loaded" action has been produced in 11 milliseconds with result 
    : javax.swing.JButton[,240,244,58x28,alignmentX=0.0,alignmentY=0.5,border=javax.swing.plaf.synth.SynthBorder@6650b429,flags=288,maximumSize=,minimumSize=,preferredSize=,defaultIcon=,disabledIcon=,disabledSelectedIcon=,margin=javax.swing.plaf.InsetsUIResource[top=0,left=0,bottom=0,right=0],paintBorder=true,paintFocus=true,pressedIcon=,rolloverEnabled=true,rolloverIcon=,rolloverSelectedIcon=,selectedIcon=,text==,defaultCapable=true]
Push button
    :javax.swing.JButton[,240,244,58x28,alignmentX=0.0,alignmentY=0.5,border=javax.swing.plaf.synth.SynthBorder@6650b429,flags=288,maximumSize=,minimumSize=,preferredSize=,defaultIcon=,disabledIcon=,disabledSelectedIcon=,margin=javax.swing.plaf.InsetsUIResource[top=0,left=0,bottom=0,right=0],paintBorder=true,paintFocus=true,pressedIcon=,rolloverEnabled=true,rolloverIcon=,rolloverSelectedIcon=,selectedIcon=,text==,defaultCapable=true]
]]></system-out>
  </testcase>
  <testcase name="testBotonPi" classname="Calculadora_CientificaTest" time="0.069">
    <system-out><![CDATA[Trace:
Start to wait action "Wait AbstractButton with text "C" loaded"
Trace:
"Wait AbstractButton with text "C" loaded" action has been produced in 1 milliseconds with result 
    : javax.swing.JButton[,345,160,47x28,alignmentX=0.0,alignmentY=0.5,border=javax.swing.plaf.synth.SynthBorder@2348bfd6,flags=288,maximumSize=,minimumSize=,preferredSize=,defaultIcon=,disabledIcon=,disabledSelectedIcon=,margin=javax.swing.plaf.InsetsUIResource[top=0,left=0,bottom=0,right=0],paintBorder=true,paintFocus=true,pressedIcon=,rolloverEnabled=true,rolloverIcon=,rolloverSelectedIcon=,selectedIcon=,text=cos,defaultCapable=true]
Push button
    :javax.swing.JButton[,345,160,47x28,alignmentX=0.0,alignmentY=0.5,border=javax.swing.plaf.synth.SynthBorder@2348bfd6,flags=288,maximumSize=,minimumSize=,preferredSize=,defaultIcon=,disabledIcon=,disabledSelectedIcon=,margin=javax.swing.plaf.InsetsUIResource[top=0,left=0,bottom=0,right=0],paintBorder=true,paintFocus=true,pressedIcon=,rolloverEnabled=true,rolloverIcon=,rolloverSelectedIcon=,selectedIcon=,text=cos,defaultCapable=true]
Trace:
Start to wait action "Wait Any javax.swing.JTextField loaded"
Trace:
"Wait Any javax.swing.JTextField loaded" action has been produced in 13 milliseconds with result 
    : javax.swing.JTextField[,206,64,64x28,layout=javax.swing.plaf.basic.BasicTextUI$UpdateHandler,alignmentX=0.0,alignmentY=0.0,border=javax.swing.plaf.synth.SynthBorder@750c8545,flags=288,maximumSize=,minimumSize=,preferredSize=,caretColor=,disabledTextColor=DerivedColor(color=142,143,145 parent=nimbusDisabledText offsets=0.0,0.0,0.0,0 pColor=142,143,145,editable=true,margin=javax.swing.plaf.InsetsUIResource[top=0,left=0,bottom=0,right=0],selectedTextColor=DerivedColor(color=255,255,255 parent=nimbusSelectedText offsets=0.0,0.0,0.0,0 pColor=255,255,255,selectionColor=DerivedColor(color=57,105,138 parent=nimbusSelectionBackground offsets=0.0,0.0,0.0,0 pColor=57,105,138,columns=0,columnWidth=0,command=,horizontalAlignment=LEADING]
Trace:
Start to wait action "Wait AbstractButton with text "?" loaded"
Trace:
"Wait AbstractButton with text "?" loaded" action has been produced in 4 milliseconds with result 
    : javax.swing.JButton[,240,216,36x28,alignmentX=0.0,alignmentY=0.5,border=javax.swing.plaf.synth.SynthBorder@414d8205,flags=288,maximumSize=,minimumSize=,preferredSize=,defaultIcon=,disabledIcon=,disabledSelectedIcon=,margin=javax.swing.plaf.InsetsUIResource[top=0,left=0,bottom=0,right=0],paintBorder=true,paintFocus=true,pressedIcon=,rolloverEnabled=true,rolloverIcon=,rolloverSelectedIcon=,selectedIcon=,text=?,defaultCapable=true]
Push button
    :javax.swing.JButton[,240,216,36x28,alignmentX=0.0,alignmentY=0.5,border=javax.swing.plaf.synth.SynthBorder@414d8205,flags=288,maximumSize=,minimumSize=,preferredSize=,defaultIcon=,disabledIcon=,disabledSelectedIcon=,margin=javax.swing.plaf.InsetsUIResource[top=0,left=0,bottom=0,right=0],paintBorder=true,paintFocus=true,pressedIcon=,rolloverEnabled=true,rolloverIcon=,rolloverSelectedIcon=,selectedIcon=,text=?,defaultCapable=true]
]]></system-out>
  </testcase>
  <testcase name="testOperacionesCombinadas" classname="Calculadora_CientificaTest" time="0.199">
    <failure message="Debe respetar * antes que + ==&gt; expected: &lt;17.0&gt; but was: &lt;12.998497149863864&gt;" type="org.opentest4j.AssertionFailedError"><![CDATA[org.opentest4j.AssertionFailedError: Debe respetar * antes que + ==> expected: <17.0> but was: <12.998497149863864>
	at org.junit.jupiter.api.AssertionFailureBuilder.build(AssertionFailureBuilder.java:151)
	at org.junit.jupiter.api.AssertionFailureBuilder.buildAndThrow(AssertionFailureBuilder.java:132)
	at org.junit.jupiter.api.AssertEquals.failNotEqual(AssertEquals.java:197)
	at org.junit.jupiter.api.AssertEquals.assertEquals(AssertEquals.java:182)
	at org.junit.jupiter.api.Assertions.assertEquals(Assertions.java:1156)
	at Calculadora_CientificaTest.testOperacionesCombinadas(Calculadora_CientificaTest.java:60)
	at java.base/java.lang.reflect.Method.invoke(Method.java:568)
	at java.base/java.util.ArrayList.forEach(ArrayList.java:1511)
	at java.base/java.util.ArrayList.forEach(ArrayList.java:1511)
]]></failure>
    <system-out><![CDATA[Trace:
Start to wait action "Wait AbstractButton with text "C" loaded"
Trace:
"Wait AbstractButton with text "C" loaded" action has been produced in 1 milliseconds with result 
    : javax.swing.JButton[,345,160,47x28,alignmentX=0.0,alignmentY=0.5,border=javax.swing.plaf.synth.SynthBorder@2348bfd6,flags=288,maximumSize=,minimumSize=,preferredSize=,defaultIcon=,disabledIcon=,disabledSelectedIcon=,margin=javax.swing.plaf.InsetsUIResource[top=0,left=0,bottom=0,right=0],paintBorder=true,paintFocus=true,pressedIcon=,rolloverEnabled=true,rolloverIcon=,rolloverSelectedIcon=,selectedIcon=,text=cos,defaultCapable=true]
Push button
    :javax.swing.JButton[,345,160,47x28,alignmentX=0.0,alignmentY=0.5,border=javax.swing.plaf.synth.SynthBorder@2348bfd6,flags=288,maximumSize=,minimumSize=,preferredSize=,defaultIcon=,disabledIcon=,disabledSelectedIcon=,margin=javax.swing.plaf.InsetsUIResource[top=0,left=0,bottom=0,right=0],paintBorder=true,paintFocus=true,pressedIcon=,rolloverEnabled=true,rolloverIcon=,rolloverSelectedIcon=,selectedIcon=,text=cos,defaultCapable=true]
Trace:
Start to wait action "Wait Any javax.swing.JTextField loaded"
Trace:
"Wait Any javax.swing.JTextField loaded" action has been produced in 10 milliseconds with result 
    : javax.swing.JTextField[,206,98,64x28,layout=javax.swing.plaf.basic.BasicTextUI$UpdateHandler,alignmentX=0.0,alignmentY=0.0,border=javax.swing.plaf.synth.SynthBorder@3619646f,flags=288,maximumSize=,minimumSize=,preferredSize=,caretColor=,disabledTextColor=DerivedColor(color=142,143,145 parent=nimbusDisabledText offsets=0.0,0.0,0.0,0 pColor=142,143,145,editable=true,margin=javax.swing.plaf.InsetsUIResource[top=0,left=0,bottom=0,right=0],selectedTextColor=DerivedColor(color=255,255,255 parent=nimbusSelectedText offsets=0.0,0.0,0.0,0 pColor=255,255,255,selectionColor=DerivedColor(color=57,105,138 parent=nimbusSelectionBackground offsets=0.0,0.0,0.0,0 pColor=57,105,138,columns=0,columnWidth=0,command=,horizontalAlignment=LEADING]
Trace:
Start to wait action "Wait AbstractButton with text "5" loaded"
Trace:
"Wait AbstractButton with text "5" loaded" action has been produced in 1 milliseconds with result 
    : javax.swing.JButton[,240,160,34x28,alignmentX=0.0,alignmentY=0.5,border=javax.swing.plaf.synth.SynthBorder@8410871,flags=288,maximumSize=,minimumSize=,preferredSize=,defaultIcon=,disabledIcon=,disabledSelectedIcon=,margin=javax.swing.plaf.InsetsUIResource[top=0,left=0,bottom=0,right=0],paintBorder=true,paintFocus=true,pressedIcon=,rolloverEnabled=true,rolloverIcon=,rolloverSelectedIcon=,selectedIcon=,text=5,defaultCapable=true]
Push button
    :javax.swing.JButton[,240,160,34x28,alignmentX=0.0,alignmentY=0.5,border=javax.swing.plaf.synth.SynthBorder@8410871,flags=288,maximumSize=,minimumSize=,preferredSize=,defaultIcon=,disabledIcon=,disabledSelectedIcon=,margin=javax.swing.plaf.InsetsUIResource[top=0,left=0,bottom=0,right=0],paintBorder=true,paintFocus=true,pressedIcon=,rolloverEnabled=true,rolloverIcon=,rolloverSelectedIcon=,selectedIcon=,text=5,defaultCapable=true]
Trace:
Start to wait action "Wait AbstractButton with text "+" loaded"
Trace:
"Wait AbstractButton with text "+" loaded" action has been produced in 21 milliseconds with result 
    : javax.swing.JButton[,310,132,35x28,alignmentX=0.0,alignmentY=0.5,border=javax.swing.plaf.synth.SynthBorder@277300b5,flags=288,maximumSize=,minimumSize=,preferredSize=,defaultIcon=,disabledIcon=,disabledSelectedIcon=,margin=javax.swing.plaf.InsetsUIResource[top=0,left=0,bottom=0,right=0],paintBorder=true,paintFocus=true,pressedIcon=,rolloverEnabled=true,rolloverIcon=,rolloverSelectedIcon=,selectedIcon=,text=+,defaultCapable=true]
Push button
    :javax.swing.JButton[,310,132,35x28,alignmentX=0.0,alignmentY=0.5,border=javax.swing.plaf.synth.SynthBorder@277300b5,flags=288,maximumSize=,minimumSize=,preferredSize=,defaultIcon=,disabledIcon=,disabledSelectedIcon=,margin=javax.swing.plaf.InsetsUIResource[top=0,left=0,bottom=0,right=0],paintBorder=true,paintFocus=true,pressedIcon=,rolloverEnabled=true,rolloverIcon=,rolloverSelectedIcon=,selectedIcon=,text=+,defaultCapable=true]
Trace:
Start to wait action "Wait AbstractButton with text "3" loaded"
Trace:
"Wait AbstractButton with text "3" loaded" action has been produced in 9 milliseconds with result 
    : javax.swing.JButton[,276,132,34x28,alignmentX=0.0,alignmentY=0.5,border=javax.swing.plaf.synth.SynthBorder@2cde8fd1,flags=288,maximumSize=,minimumSize=,preferredSize=,defaultIcon=,disabledIcon=,disabledSelectedIcon=,margin=javax.swing.plaf.InsetsUIResource[top=0,left=0,bottom=0,right=0],paintBorder=true,paintFocus=true,pressedIcon=,rolloverEnabled=true,rolloverIcon=,rolloverSelectedIcon=,selectedIcon=,text=3,defaultCapable=true]
Push button
    :javax.swing.JButton[,276,132,34x28,alignmentX=0.0,alignmentY=0.5,border=javax.swing.plaf.synth.SynthBorder@2cde8fd1,flags=288,maximumSize=,minimumSize=,preferredSize=,defaultIcon=,disabledIcon=,disabledSelectedIcon=,margin=javax.swing.plaf.InsetsUIResource[top=0,left=0,bottom=0,right=0],paintBorder=true,paintFocus=true,pressedIcon=,rolloverEnabled=true,rolloverIcon=,rolloverSelectedIcon=,selectedIcon=,text=3,defaultCapable=true]
Trace:
Start to wait action "Wait AbstractButton with text "*" loaded"
Trace:
"Wait AbstractButton with text "*" loaded" action has been produced in 6 milliseconds with result 
    : javax.swing.JButton[,310,188,33x28,alignmentX=0.0,alignmentY=0.5,border=javax.swing.plaf.synth.SynthBorder@6e9e0a85,flags=288,maximumSize=,minimumSize=,preferredSize=,defaultIcon=,disabledIcon=,disabledSelectedIcon=,margin=javax.swing.plaf.InsetsUIResource[top=0,left=0,bottom=0,right=0],paintBorder=true,paintFocus=true,pressedIcon=,rolloverEnabled=true,rolloverIcon=,rolloverSelectedIcon=,selectedIcon=,text=*,defaultCapable=true]
Push button
    :javax.swing.JButton[,310,188,33x28,alignmentX=0.0,alignmentY=0.5,border=javax.swing.plaf.synth.SynthBorder@6e9e0a85,flags=288,maximumSize=,minimumSize=,preferredSize=,defaultIcon=,disabledIcon=,disabledSelectedIcon=,margin=javax.swing.plaf.InsetsUIResource[top=0,left=0,bottom=0,right=0],paintBorder=true,paintFocus=true,pressedIcon=,rolloverEnabled=true,rolloverIcon=,rolloverSelectedIcon=,selectedIcon=,text=*,defaultCapable=true]
Trace:
Start to wait action "Wait AbstractButton with text "4" loaded"
Trace:
"Wait AbstractButton with text "4" loaded" action has been produced in 9 milliseconds with result 
    : javax.swing.JButton[,206,160,34x28,alignmentX=0.0,alignmentY=0.5,border=javax.swing.plaf.synth.SynthBorder@6fbe800f,flags=288,maximumSize=,minimumSize=,preferredSize=,defaultIcon=,disabledIcon=,disabledSelectedIcon=,margin=javax.swing.plaf.InsetsUIResource[top=0,left=0,bottom=0,right=0],paintBorder=true,paintFocus=true,pressedIcon=,rolloverEnabled=true,rolloverIcon=,rolloverSelectedIcon=,selectedIcon=,text=4,defaultCapable=true]
Push button
    :javax.swing.JButton[,206,160,34x28,alignmentX=0.0,alignmentY=0.5,border=javax.swing.plaf.synth.SynthBorder@6fbe800f,flags=288,maximumSize=,minimumSize=,preferredSize=,defaultIcon=,disabledIcon=,disabledSelectedIcon=,margin=javax.swing.plaf.InsetsUIResource[top=0,left=0,bottom=0,right=0],paintBorder=true,paintFocus=true,pressedIcon=,rolloverEnabled=true,rolloverIcon=,rolloverSelectedIcon=,selectedIcon=,text=4,defaultCapable=true]
Trace:
Start to wait action "Wait AbstractButton with text "=" loaded"
Trace:
"Wait AbstractButton with text "=" loaded" action has been produced in 1 milliseconds with result 
    : javax.swing.JButton[,240,244,58x28,alignmentX=0.0,alignmentY=0.5,border=javax.swing.plaf.synth.SynthBorder@6650b429,flags=288,maximumSize=,minimumSize=,preferredSize=,defaultIcon=,disabledIcon=,disabledSelectedIcon=,margin=javax.swing.plaf.InsetsUIResource[top=0,left=0,bottom=0,right=0],paintBorder=true,paintFocus=true,pressedIcon=,rolloverEnabled=true,rolloverIcon=,rolloverSelectedIcon=,selectedIcon=,text==,defaultCapable=true]
Push button
    :javax.swing.JButton[,240,244,58x28,alignmentX=0.0,alignmentY=0.5,border=javax.swing.plaf.synth.SynthBorder@6650b429,flags=288,maximumSize=,minimumSize=,preferredSize=,defaultIcon=,disabledIcon=,disabledSelectedIcon=,margin=javax.swing.plaf.InsetsUIResource[top=0,left=0,bottom=0,right=0],paintBorder=true,paintFocus=true,pressedIcon=,rolloverEnabled=true,rolloverIcon=,rolloverSelectedIcon=,selectedIcon=,text==,defaultCapable=true]
]]></system-out>
  </testcase>
  <testcase name="testDivision" classname="Calculadora_CientificaTest" time="0.118">
    <failure message="4/2 es 2 ==&gt; expected: &lt;2.0&gt; but was: &lt;0.4987820251299121&gt;" type="org.opentest4j.AssertionFailedError"><![CDATA[org.opentest4j.AssertionFailedError: 4/2 es 2 ==> expected: <2.0> but was: <0.4987820251299121>
	at org.junit.jupiter.api.AssertionFailureBuilder.build(AssertionFailureBuilder.java:151)
	at org.junit.jupiter.api.AssertionFailureBuilder.buildAndThrow(AssertionFailureBuilder.java:132)
	at org.junit.jupiter.api.AssertEquals.failNotEqual(AssertEquals.java:197)
	at org.junit.jupiter.api.AssertEquals.assertEquals(AssertEquals.java:182)
	at org.junit.jupiter.api.Assertions.assertEquals(Assertions.java:1156)
	at Calculadora_CientificaTest.testDivision(Calculadora_CientificaTest.java:73)
	at java.base/java.lang.reflect.Method.invoke(Method.java:568)
	at java.base/java.util.ArrayList.forEach(ArrayList.java:1511)
	at java.base/java.util.ArrayList.forEach(ArrayList.java:1511)
]]></failure>
    <system-out><![CDATA[Trace:
Start to wait action "Wait AbstractButton with text "C" loaded"
Trace:
"Wait AbstractButton with text "C" loaded" action has been produced in 1 milliseconds with result 
    : javax.swing.JButton[,345,160,47x28,alignmentX=0.0,alignmentY=0.5,border=javax.swing.plaf.synth.SynthBorder@2348bfd6,flags=288,maximumSize=,minimumSize=,preferredSize=,defaultIcon=,disabledIcon=,disabledSelectedIcon=,margin=javax.swing.plaf.InsetsUIResource[top=0,left=0,bottom=0,right=0],paintBorder=true,paintFocus=true,pressedIcon=,rolloverEnabled=true,rolloverIcon=,rolloverSelectedIcon=,selectedIcon=,text=cos,defaultCapable=true]
Push button
    :javax.swing.JButton[,345,160,47x28,alignmentX=0.0,alignmentY=0.5,border=javax.swing.plaf.synth.SynthBorder@2348bfd6,flags=288,maximumSize=,minimumSize=,preferredSize=,defaultIcon=,disabledIcon=,disabledSelectedIcon=,margin=javax.swing.plaf.InsetsUIResource[top=0,left=0,bottom=0,right=0],paintBorder=true,paintFocus=true,pressedIcon=,rolloverEnabled=true,rolloverIcon=,rolloverSelectedIcon=,selectedIcon=,text=cos,defaultCapable=true]
Trace:
Start to wait action "Wait Any javax.swing.JTextField loaded"
Trace:
"Wait Any javax.swing.JTextField loaded" action has been produced in 7 milliseconds with result 
    : javax.swing.JTextField[,206,98,64x28,layout=javax.swing.plaf.basic.BasicTextUI$UpdateHandler,alignmentX=0.0,alignmentY=0.0,border=javax.swing.plaf.synth.SynthBorder@3619646f,flags=288,maximumSize=,minimumSize=,preferredSize=,caretColor=,disabledTextColor=DerivedColor(color=142,143,145 parent=nimbusDisabledText offsets=0.0,0.0,0.0,0 pColor=142,143,145,editable=true,margin=javax.swing.plaf.InsetsUIResource[top=0,left=0,bottom=0,right=0],selectedTextColor=DerivedColor(color=255,255,255 parent=nimbusSelectedText offsets=0.0,0.0,0.0,0 pColor=255,255,255,selectionColor=DerivedColor(color=57,105,138 parent=nimbusSelectionBackground offsets=0.0,0.0,0.0,0 pColor=57,105,138,columns=0,columnWidth=0,command=,horizontalAlignment=LEADING]
Trace:
Start to wait action "Wait AbstractButton with text "4" loaded"
Trace:
"Wait AbstractButton with text "4" loaded" action has been produced in 5 milliseconds with result 
    : javax.swing.JButton[,206,160,34x28,alignmentX=0.0,alignmentY=0.5,border=javax.swing.plaf.synth.SynthBorder@6fbe800f,flags=288,maximumSize=,minimumSize=,preferredSize=,defaultIcon=,disabledIcon=,disabledSelectedIcon=,margin=javax.swing.plaf.InsetsUIResource[top=0,left=0,bottom=0,right=0],paintBorder=true,paintFocus=true,pressedIcon=,rolloverEnabled=true,rolloverIcon=,rolloverSelectedIcon=,selectedIcon=,text=4,defaultCapable=true]
Push button
    :javax.swing.JButton[,206,160,34x28,alignmentX=0.0,alignmentY=0.5,border=javax.swing.plaf.synth.SynthBorder@6fbe800f,flags=288,maximumSize=,minimumSize=,preferredSize=,defaultIcon=,disabledIcon=,disabledSelectedIcon=,margin=javax.swing.plaf.InsetsUIResource[top=0,left=0,bottom=0,right=0],paintBorder=true,paintFocus=true,pressedIcon=,rolloverEnabled=true,rolloverIcon=,rolloverSelectedIcon=,selectedIcon=,text=4,defaultCapable=true]
Trace:
Start to wait action "Wait AbstractButton with text "/" loaded"
Trace:
"Wait AbstractButton with text "/" loaded" action has been produced in 10 milliseconds with result 
    : javax.swing.JButton[,310,216,31x28,alignmentX=0.0,alignmentY=0.5,border=javax.swing.plaf.synth.SynthBorder@7d7f8047,flags=288,maximumSize=,minimumSize=,preferredSize=,defaultIcon=,disabledIcon=,disabledSelectedIcon=,margin=javax.swing.plaf.InsetsUIResource[top=0,left=0,bottom=0,right=0],paintBorder=true,paintFocus=true,pressedIcon=,rolloverEnabled=true,rolloverIcon=,rolloverSelectedIcon=,selectedIcon=,text=/,defaultCapable=true]
Push button
    :javax.swing.JButton[,310,216,31x28,alignmentX=0.0,alignmentY=0.5,border=javax.swing.plaf.synth.SynthBorder@7d7f8047,flags=288,maximumSize=,minimumSize=,preferredSize=,defaultIcon=,disabledIcon=,disabledSelectedIcon=,margin=javax.swing.plaf.InsetsUIResource[top=0,left=0,bottom=0,right=0],paintBorder=true,paintFocus=true,pressedIcon=,rolloverEnabled=true,rolloverIcon=,rolloverSelectedIcon=,selectedIcon=,text=/,defaultCapable=true]
Trace:
Start to wait action "Wait AbstractButton with text "2" loaded"
Trace:
"Wait AbstractButton with text "2" loaded" action has been produced in 11 milliseconds with result 
    : javax.swing.JButton[,240,132,34x28,alignmentX=0.0,alignmentY=0.5,border=javax.swing.plaf.synth.SynthBorder@4a964828,flags=288,maximumSize=,minimumSize=,preferredSize=,defaultIcon=,disabledIcon=,disabledSelectedIcon=,margin=javax.swing.plaf.InsetsUIResource[top=0,left=0,bottom=0,right=0],paintBorder=true,paintFocus=true,pressedIcon=,rolloverEnabled=true,rolloverIcon=,rolloverSelectedIcon=,selectedIcon=,text=2,defaultCapable=true]
Push button
    :javax.swing.JButton[,240,132,34x28,alignmentX=0.0,alignmentY=0.5,border=javax.swing.plaf.synth.SynthBorder@4a964828,flags=288,maximumSize=,minimumSize=,preferredSize=,defaultIcon=,disabledIcon=,disabledSelectedIcon=,margin=javax.swing.plaf.InsetsUIResource[top=0,left=0,bottom=0,right=0],paintBorder=true,paintFocus=true,pressedIcon=,rolloverEnabled=true,rolloverIcon=,rolloverSelectedIcon=,selectedIcon=,text=2,defaultCapable=true]
Trace:
Start to wait action "Wait AbstractButton with text "=" loaded"
Trace:
"Wait AbstractButton with text "=" loaded" action has been produced in 6 milliseconds with result 
    : javax.swing.JButton[,240,244,58x28,alignmentX=0.0,alignmentY=0.5,border=javax.swing.plaf.synth.SynthBorder@6650b429,flags=288,maximumSize=,minimumSize=,preferredSize=,defaultIcon=,disabledIcon=,disabledSelectedIcon=,margin=javax.swing.plaf.InsetsUIResource[top=0,left=0,bottom=0,right=0],paintBorder=true,paintFocus=true,pressedIcon=,rolloverEnabled=true,rolloverIcon=,rolloverSelectedIcon=,selectedIcon=,text==,defaultCapable=true]
Push button
    :javax.swing.JButton[,240,244,58x28,alignmentX=0.0,alignmentY=0.5,border=javax.swing.plaf.synth.SynthBorder@6650b429,flags=288,maximumSize=,minimumSize=,preferredSize=,defaultIcon=,disabledIcon=,disabledSelectedIcon=,margin=javax.swing.plaf.InsetsUIResource[top=0,left=0,bottom=0,right=0],paintBorder=true,paintFocus=true,pressedIcon=,rolloverEnabled=true,rolloverIcon=,rolloverSelectedIcon=,selectedIcon=,text==,defaultCapable=true]
]]></system-out>
  </testcase>
  <testcase name="testDecimal" classname="Calculadora_CientificaTest" time="0.081">
    <failure message="expected: &lt;1.5&gt; but was: &lt;0.99939082701909581.5&gt;" type="org.opentest4j.AssertionFailedError"><![CDATA[org.opentest4j.AssertionFailedError: expected: <1.5> but was: <0.99939082701909581.5>
	at org.junit.jupiter.api.AssertionFailureBuilder.build(AssertionFailureBuilder.java:151)
	at org.junit.jupiter.api.AssertionFailureBuilder.buildAndThrow(AssertionFailureBuilder.java:132)
	at org.junit.jupiter.api.AssertEquals.failNotEqual(AssertEquals.java:197)
	at org.junit.jupiter.api.AssertEquals.assertEquals(AssertEquals.java:182)
	at org.junit.jupiter.api.AssertEquals.assertEquals(AssertEquals.java:177)
	at org.junit.jupiter.api.Assertions.assertEquals(Assertions.java:1145)
	at Calculadora_CientificaTest.testDecimal(Calculadora_CientificaTest.java:120)
	at java.base/java.lang.reflect.Method.invoke(Method.java:568)
	at java.base/java.util.ArrayList.forEach(ArrayList.java:1511)
	at java.base/java.util.ArrayList.forEach(ArrayList.java:1511)
]]></failure>
    <system-out><![CDATA[Trace:
Start to wait action "Wait AbstractButton with text "C" loaded"
Trace:
"Wait AbstractButton with text "C" loaded" action has been produced in 1 milliseconds with result 
    : javax.swing.JButton[,345,160,47x28,alignmentX=0.0,alignmentY=0.5,border=javax.swing.plaf.synth.SynthBorder@2348bfd6,flags=288,maximumSize=,minimumSize=,preferredSize=,defaultIcon=,disabledIcon=,disabledSelectedIcon=,margin=javax.swing.plaf.InsetsUIResource[top=0,left=0,bottom=0,right=0],paintBorder=true,paintFocus=true,pressedIcon=,rolloverEnabled=true,rolloverIcon=,rolloverSelectedIcon=,selectedIcon=,text=cos,defaultCapable=true]
Push button
    :javax.swing.JButton[,345,160,47x28,alignmentX=0.0,alignmentY=0.5,border=javax.swing.plaf.synth.SynthBorder@2348bfd6,flags=288,maximumSize=,minimumSize=,preferredSize=,defaultIcon=,disabledIcon=,disabledSelectedIcon=,margin=javax.swing.plaf.InsetsUIResource[top=0,left=0,bottom=0,right=0],paintBorder=true,paintFocus=true,pressedIcon=,rolloverEnabled=true,rolloverIcon=,rolloverSelectedIcon=,selectedIcon=,text=cos,defaultCapable=true]
Trace:
Start to wait action "Wait Any javax.swing.JTextField loaded"
Trace:
"Wait Any javax.swing.JTextField loaded" action has been produced in 7 milliseconds with result 
    : javax.swing.JTextField[,206,64,64x28,layout=javax.swing.plaf.basic.BasicTextUI$UpdateHandler,alignmentX=0.0,alignmentY=0.0,border=javax.swing.plaf.synth.SynthBorder@750c8545,flags=288,maximumSize=,minimumSize=,preferredSize=,caretColor=,disabledTextColor=DerivedColor(color=142,143,145 parent=nimbusDisabledText offsets=0.0,0.0,0.0,0 pColor=142,143,145,editable=true,margin=javax.swing.plaf.InsetsUIResource[top=0,left=0,bottom=0,right=0],selectedTextColor=DerivedColor(color=255,255,255 parent=nimbusSelectedText offsets=0.0,0.0,0.0,0 pColor=255,255,255,selectionColor=DerivedColor(color=57,105,138 parent=nimbusSelectionBackground offsets=0.0,0.0,0.0,0 pColor=57,105,138,columns=0,columnWidth=0,command=,horizontalAlignment=LEADING]
Trace:
Start to wait action "Wait AbstractButton with text "1" loaded"
Trace:
"Wait AbstractButton with text "1" loaded" action has been produced in 1 milliseconds with result 
    : javax.swing.JButton[,206,132,34x28,alignmentX=0.0,alignmentY=0.5,border=javax.swing.plaf.synth.SynthBorder@513b0ddd,flags=288,maximumSize=,minimumSize=,preferredSize=,defaultIcon=,disabledIcon=,disabledSelectedIcon=,margin=javax.swing.plaf.InsetsUIResource[top=0,left=0,bottom=0,right=0],paintBorder=true,paintFocus=true,pressedIcon=,rolloverEnabled=true,rolloverIcon=,rolloverSelectedIcon=,selectedIcon=,text=1,defaultCapable=true]
Push button
    :javax.swing.JButton[,206,132,34x28,alignmentX=0.0,alignmentY=0.5,border=javax.swing.plaf.synth.SynthBorder@513b0ddd,flags=288,maximumSize=,minimumSize=,preferredSize=,defaultIcon=,disabledIcon=,disabledSelectedIcon=,margin=javax.swing.plaf.InsetsUIResource[top=0,left=0,bottom=0,right=0],paintBorder=true,paintFocus=true,pressedIcon=,rolloverEnabled=true,rolloverIcon=,rolloverSelectedIcon=,selectedIcon=,text=1,defaultCapable=true]
Trace:
Start to wait action "Wait AbstractButton with text "," loaded"
Trace:
"Wait AbstractButton with text "," loaded" action has been produced in 8 milliseconds with result 
    : javax.swing.JButton[,276,216,31x28,alignmentX=0.0,alignmentY=0.5,border=javax.swing.plaf.synth.SynthBorder@6305d9fe,flags=288,maximumSize=,minimumSize=,preferredSize=,defaultIcon=,disabledIcon=,disabledSelectedIcon=,margin=javax.swing.plaf.InsetsUIResource[top=0,left=0,bottom=0,right=0],paintBorder=true,paintFocus=true,pressedIcon=,rolloverEnabled=true,rolloverIcon=,rolloverSelectedIcon=,selectedIcon=,text=,,defaultCapable=true]
Push button
    :javax.swing.JButton[,276,216,31x28,alignmentX=0.0,alignmentY=0.5,border=javax.swing.plaf.synth.SynthBorder@6305d9fe,flags=288,maximumSize=,minimumSize=,preferredSize=,defaultIcon=,disabledIcon=,disabledSelectedIcon=,margin=javax.swing.plaf.InsetsUIResource[top=0,left=0,bottom=0,right=0],paintBorder=true,paintFocus=true,pressedIcon=,rolloverEnabled=true,rolloverIcon=,rolloverSelectedIcon=,selectedIcon=,text=,,defaultCapable=true]
Trace:
Start to wait action "Wait AbstractButton with text "5" loaded"
Trace:
"Wait AbstractButton with text "5" loaded" action has been produced in 6 milliseconds with result 
    : javax.swing.JButton[,240,160,34x28,alignmentX=0.0,alignmentY=0.5,border=javax.swing.plaf.synth.SynthBorder@8410871,flags=288,maximumSize=,minimumSize=,preferredSize=,defaultIcon=,disabledIcon=,disabledSelectedIcon=,margin=javax.swing.plaf.InsetsUIResource[top=0,left=0,bottom=0,right=0],paintBorder=true,paintFocus=true,pressedIcon=,rolloverEnabled=true,rolloverIcon=,rolloverSelectedIcon=,selectedIcon=,text=5,defaultCapable=true]
Push button
    :javax.swing.JButton[,240,160,34x28,alignmentX=0.0,alignmentY=0.5,border=javax.swing.plaf.synth.SynthBorder@8410871,flags=288,maximumSize=,minimumSize=,preferredSize=,defaultIcon=,disabledIcon=,disabledSelectedIcon=,margin=javax.swing.plaf.InsetsUIResource[top=0,left=0,bottom=0,right=0],paintBorder=true,paintFocus=true,pressedIcon=,rolloverEnabled=true,rolloverIcon=,rolloverSelectedIcon=,selectedIcon=,text=5,defaultCapable=true]
]]></system-out>
  </testcase>
</testsuite>